# JRE version: 7.0_06-b24
# Java VM: Java HotSpot(TM) 64-Bit Server VM (23.2-b09 mixed mode windows-amd64 compressed oops)
Heap
 PSYoungGen      total 132480K, used 88434K [0x00000000f5560000, 0x0000000100000000, 0x0000000100000000)
  eden space 91008K, 94% used [0x00000000f5560000,0x00000000fa8f0930,0x00000000fae40000)
  from space 41472K, 6% used [0x00000000fd5e0000,0x00000000fd8ac070,0x00000000ffe60000)
  to   space 40576K, 0% used [0x00000000fae40000,0x00000000fae40000,0x00000000fd5e0000)
 ParOldGen       total 208576K, used 118313K [0x00000000e0000000, 0x00000000ecbb0000, 0x00000000f5560000)
  object space 208576K, 56% used [0x00000000e0000000,0x00000000e738a590,0x00000000ecbb0000)
 PSPermGen       total 71808K, used 49081K [0x00000000dae00000, 0x00000000df420000, 0x00000000e0000000)
  object space 71808K, 68% used [0x00000000dae00000,0x00000000dddee778,0x00000000df420000)
GC Heap History (10 events):
Event: 80.536 GC heap before
{Heap before GC invocations=14 (full 2):
 PSYoungGen      total 132032K, used 3771K [0x00000000f5560000, 0x0000000100000000, 0x0000000100000000)
  eden space 90240K, 0% used [0x00000000f5560000,0x00000000f5560000,0x00000000fad80000)
  from space 41792K, 9% used [0x00000000fd730000,0x00000000fdadefb0,0x0000000100000000)
  to   space 42240K, 0% used [0x00000000fad80000,0x00000000fad80000,0x00000000fd6c0000)
 ParOldGen       total 147968K, used 119780K [0x00000000e0000000, 0x00000000e9080000, 0x00000000f5560000)
  object space 147968K, 80% used [0x00000000e0000000,0x00000000e74f91a0,0x00000000e9080000)
 PSPermGen       total 52352K, used 43407K [0x00000000dae00000, 0x00000000de120000, 0x00000000e0000000)
  object space 52352K, 82% used [0x00000000dae00000,0x00000000dd863d38,0x00000000de120000)
Event: 81.033 GC heap after
Heap after GC invocations=14 (full 2):
 PSYoungGen      total 132032K, used 0K [0x00000000f5560000, 0x0000000100000000, 0x0000000100000000)
  eden space 90240K, 0% used [0x00000000f5560000,0x00000000f5560000,0x00000000fad80000)
  from space 41792K, 0% used [0x00000000fd730000,0x00000000fd730000,0x0000000100000000)
  to   space 42240K, 0% used [0x00000000fad80000,0x00000000fad80000,0x00000000fd6c0000)
 ParOldGen       total 208576K, used 118313K [0x00000000e0000000, 0x00000000ecbb0000, 0x00000000f5560000)
  object space 208576K, 56% used [0x00000000e0000000,0x00000000e738a590,0x00000000ecbb0000)
 PSPermGen       total 71808K, used 43394K [0x00000000dae00000, 0x00000000df420000, 0x00000000e0000000)
  object space 71808K, 60% used [0x00000000dae00000,0x00000000dd860a58,0x00000000df420000)
}
Event: 99.248 GC heap before
{Heap before GC invocations=15 (full 2):
 PSYoungGen      total 132032K, used 90240K [0x00000000f5560000, 0x0000000100000000, 0x0000000100000000)
  eden space 90240K, 100% used [0x00000000f5560000,0x00000000fad80000,0x00000000fad80000)
  from space 41792K, 0% used [0x00000000fd730000,0x00000000fd730000,0x0000000100000000)
  to   space 42240K, 0% used [0x00000000fad80000,0x00000000fad80000,0x00000000fd6c0000)
 ParOldGen       total 208576K, used 118313K [0x00000000e0000000, 0x00000000ecbb0000, 0x00000000f5560000)
  object space 208576K, 56% used [0x00000000e0000000,0x00000000e738a590,0x00000000ecbb0000)
 PSPermGen       total 71808K, used 47391K [0x00000000dae00000, 0x00000000df420000, 0x00000000e0000000)
  object space 71808K, 65% used [0x00000000dae00000,0x00000000ddc47d50,0x00000000df420000)
Event: 99.254 GC heap after
Heap after GC invocations=15 (full 2):
 PSYoungGen      total 92288K, used 1991K [0x00000000f5560000, 0x0000000100000000, 0x0000000100000000)
  eden space 90240K, 0% used [0x00000000f5560000,0x00000000f5560000,0x00000000fad80000)
  from space 2048K, 97% used [0x00000000fad80000,0x00000000faf71cb8,0x00000000faf80000)
  to   space 42496K, 0% used [0x00000000fd680000,0x00000000fd680000,0x0000000100000000)
 ParOldGen       total 208576K, used 118313K [0x00000000e0000000, 0x00000000ecbb0000, 0x00000000f5560000)
  object space 208576K, 56% used [0x00000000e0000000,0x00000000e738a590,0x00000000ecbb0000)
 PSPermGen       total 71808K, used 47391K [0x00000000dae00000, 0x00000000df420000, 0x00000000e0000000)
  object space 71808K, 65% used [0x00000000dae00000,0x00000000ddc47d50,0x00000000df420000)
}
Event: 179.164 GC heap before
{Heap before GC invocations=16 (full 2):
 PSYoungGen      total 92288K, used 92231K [0x00000000f5560000, 0x0000000100000000, 0x0000000100000000)
  eden space 90240K, 100% used [0x00000000f5560000,0x00000000fad80000,0x00000000fad80000)
  from space 2048K, 97% used [0x00000000fad80000,0x00000000faf71cb8,0x00000000faf80000)
  to   space 42496K, 0% used [0x00000000fd680000,0x00000000fd680000,0x0000000100000000)
 ParOldGen       total 208576K, used 118313K [0x00000000e0000000, 0x00000000ecbb0000, 0x00000000f5560000)
  object space 208576K, 56% used [0x00000000e0000000,0x00000000e738a590,0x00000000ecbb0000)
 PSPermGen       total 71808K, used 48961K [0x00000000dae00000, 0x00000000df420000, 0x00000000e0000000)
  object space 71808K, 68% used [0x00000000dae00000,0x00000000dddd06c0,0x00000000df420000)
Event: 179.170 GC heap after
Heap after GC invocations=16 (full 2):
 PSYoungGen      total 132608K, used 2961K [0x00000000f5560000, 0x0000000100000000, 0x0000000100000000)
  eden space 90112K, 0% used [0x00000000f5560000,0x00000000f5560000,0x00000000fad60000)
  from space 42496K, 6% used [0x00000000fd680000,0x00000000fd964500,0x0000000100000000)
  to   space 42112K, 0% used [0x00000000fad60000,0x00000000fad60000,0x00000000fd680000)
 ParOldGen       total 208576K, used 118313K [0x00000000e0000000, 0x00000000ecbb0000, 0x00000000f5560000)
  object space 208576K, 56% used [0x00000000e0000000,0x00000000e738a590,0x00000000ecbb0000)
 PSPermGen       total 71808K, used 48961K [0x00000000dae00000, 0x00000000df420000, 0x00000000e0000000)
  object space 71808K, 68% used [0x00000000dae00000,0x00000000dddd06c0,0x00000000df420000)
}
Event: 224.040 GC heap before
{Heap before GC invocations=17 (full 2):
 PSYoungGen      total 132608K, used 93073K [0x00000000f5560000, 0x0000000100000000, 0x0000000100000000)
  eden space 90112K, 100% used [0x00000000f5560000,0x00000000fad60000,0x00000000fad60000)
  from space 42496K, 6% used [0x00000000fd680000,0x00000000fd964500,0x0000000100000000)
  to   space 42112K, 0% used [0x00000000fad60000,0x00000000fad60000,0x00000000fd680000)
 ParOldGen       total 208576K, used 118313K [0x00000000e0000000, 0x00000000ecbb0000, 0x00000000f5560000)
  object space 208576K, 56% used [0x00000000e0000000,0x00000000e738a590,0x00000000ecbb0000)
 PSPermGen       total 71808K, used 49020K [0x00000000dae00000, 0x00000000df420000, 0x00000000e0000000)
  object space 71808K, 68% used [0x00000000dae00000,0x00000000ddddf248,0x00000000df420000)
Event: 224.047 GC heap after
Heap after GC invocations=17 (full 2):
 PSYoungGen      total 92800K, used 2624K [0x00000000f5560000, 0x00000000ffe60000, 0x0000000100000000)
  eden space 90112K, 0% used [0x00000000f5560000,0x00000000f5560000,0x00000000fad60000)
  from space 2688K, 97% used [0x00000000fad60000,0x00000000faff0070,0x00000000fb000000)
  to   space 41472K, 0% used [0x00000000fd5e0000,0x00000000fd5e0000,0x00000000ffe60000)
 ParOldGen       total 208576K, used 118313K [0x00000000e0000000, 0x00000000ecbb0000, 0x00000000f5560000)
  object space 208576K, 56% used [0x00000000e0000000,0x00000000e738a590,0x00000000ecbb0000)
 PSPermGen       total 71808K, used 49020K [0x00000000dae00000, 0x00000000df420000, 0x00000000e0000000)
  object space 71808K, 68% used [0x00000000dae00000,0x00000000ddddf248,0x00000000df420000)
}
Event: 273.654 GC heap before
{Heap before GC invocations=18 (full 2):
 PSYoungGen      total 92800K, used 92736K [0x00000000f5560000, 0x00000000ffe60000, 0x0000000100000000)
  eden space 90112K, 100% used [0x00000000f5560000,0x00000000fad60000,0x00000000fad60000)
  from space 2688K, 97% used [0x00000000fad60000,0x00000000faff0070,0x00000000fb000000)
  to   space 41472K, 0% used [0x00000000fd5e0000,0x00000000fd5e0000,0x00000000ffe60000)
 ParOldGen       total 208576K, used 118313K [0x00000000e0000000, 0x00000000ecbb0000, 0x00000000f5560000)
  object space 208576K, 56% used [0x00000000e0000000,0x00000000e738a590,0x00000000ecbb0000)
 PSPermGen       total 71808K, used 49042K [0x00000000dae00000, 0x00000000df420000, 0x00000000e0000000)
  object space 71808K, 68% used [0x00000000dae00000,0x00000000ddde4a08,0x00000000df420000)
Event: 273.661 GC heap after
Heap after GC invocations=18 (full 2):
 PSYoungGen      total 132480K, used 2864K [0x00000000f5560000, 0x0000000100000000, 0x0000000100000000)
  eden space 91008K, 0% used [0x00000000f5560000,0x00000000f5560000,0x00000000fae40000)
  from space 41472K, 6% used [0x00000000fd5e0000,0x00000000fd8ac070,0x00000000ffe60000)
  to   space 40576K, 0% used [0x00000000fae40000,0x00000000fae40000,0x00000000fd5e0000)
 ParOldGen       total 208576K, used 118313K [0x00000000e0000000, 0x00000000ecbb0000, 0x00000000f5560000)
  object space 208576K, 56% used [0x00000000e0000000,0x00000000e738a590,0x00000000ecbb0000)
 PSPermGen       total 71808K, used 49042K [0x00000000dae00000, 0x00000000df420000, 0x00000000e0000000)
  object space 71808K, 68% used [0x00000000dae00000,0x00000000ddde4a08,0x00000000df420000)
}

